Using pre-set license
Built from '2022.3/staging' branch; Version is '2022.3.54f1 (129125d4e700) revision 1216805'; Using compiler version '192829333'; Build Type 'Release'
OS: 'Windows 11  (10.0.22631) 64bit Core' Language: 'en' Physical Memory: 32507 MB
BatchMode: 1, IsHumanControllingUs: 0, StartBugReporterOnCrash: 0, Is64bit: 1, IsPro: 1

COMMAND LINE ARGUMENTS:
C:\Program Files\Unity\Hub\Editor\2022.3.54f1\Editor\Unity.exe
-adb2
-batchMode
-noUpm
-name
AssetImportWorker7
-projectPath
C:/dishcovery/dishcovery-game
-logFile
Logs/AssetImportWorker7.log
-srvPort
62502
Successfully changed project path to: C:/dishcovery/dishcovery-game
C:/dishcovery/dishcovery-game
[UnityMemory] Configuration Parameters - Can be set up in boot.config
    "memorysetup-bucket-allocator-granularity=16"
    "memorysetup-bucket-allocator-bucket-count=8"
    "memorysetup-bucket-allocator-block-size=33554432"
    "memorysetup-bucket-allocator-block-count=8"
    "memorysetup-main-allocator-block-size=16777216"
    "memorysetup-thread-allocator-block-size=16777216"
    "memorysetup-gfx-main-allocator-block-size=16777216"
    "memorysetup-gfx-thread-allocator-block-size=16777216"
    "memorysetup-cache-allocator-block-size=4194304"
    "memorysetup-typetree-allocator-block-size=2097152"
    "memorysetup-profiler-bucket-allocator-granularity=16"
    "memorysetup-profiler-bucket-allocator-bucket-count=8"
    "memorysetup-profiler-bucket-allocator-block-size=33554432"
    "memorysetup-profiler-bucket-allocator-block-count=8"
    "memorysetup-profiler-allocator-block-size=16777216"
    "memorysetup-profiler-editor-allocator-block-size=1048576"
    "memorysetup-temp-allocator-size-main=16777216"
    "memorysetup-job-temp-allocator-block-size=2097152"
    "memorysetup-job-temp-allocator-block-size-background=1048576"
    "memorysetup-job-temp-allocator-reduction-small-platforms=262144"
    "memorysetup-allocator-temp-initial-block-size-main=262144"
    "memorysetup-allocator-temp-initial-block-size-worker=262144"
    "memorysetup-temp-allocator-size-background-worker=32768"
    "memorysetup-temp-allocator-size-job-worker=262144"
    "memorysetup-temp-allocator-size-preload-manager=33554432"
    "memorysetup-temp-allocator-size-nav-mesh-worker=65536"
    "memorysetup-temp-allocator-size-audio-worker=65536"
    "memorysetup-temp-allocator-size-cloud-worker=32768"
    "memorysetup-temp-allocator-size-gi-baking-worker=262144"
    "memorysetup-temp-allocator-size-gfx=262144"
Player connection [37368]  Target information:

Player connection [37368]  * "[IP] 10.248.225.140 [Port] 0 [Flags] 2 [Guid] 2876723450 [EditorId] 2876723450 [Version] 1048832 [Id] WindowsEditor(7,Lukes-Laptop) [Debug] 1 [PackageName] WindowsEditor [ProjectName] Editor" 

Player connection [37368] Host joined multi-casting on [225.0.0.222:54997]...
Player connection [37368] Host joined alternative multi-casting on [225.0.0.222:34997]...
[PhysX] Initialized MultithreadedTaskDispatcher with 32 workers.
Refreshing native plugins compatible for Editor in 8.14 ms, found 3 plugins.
Preloading 0 native plugins for Editor in 0.00 ms.
Initialize engine version: 2022.3.54f1 (129125d4e700)
[Subsystems] Discovering subsystems at path C:/Program Files/Unity/Hub/Editor/2022.3.54f1/Editor/Data/Resources/UnitySubsystems
[Subsystems] Discovering subsystems at path C:/dishcovery/dishcovery-game/Assets
GfxDevice: creating device client; threaded=0; jobified=0
Direct3D:
    Version:  Direct3D 11.0 [level 11.1]
    Renderer: NVIDIA GeForce RTX 4090 Laptop GPU (ID=0x2757)
    Vendor:   NVIDIA
    VRAM:     16050 MB
    Driver:   32.0.15.7602
Initialize mono
Mono path[0] = 'C:/Program Files/Unity/Hub/Editor/2022.3.54f1/Editor/Data/Managed'
Mono path[1] = 'C:/Program Files/Unity/Hub/Editor/2022.3.54f1/Editor/Data/MonoBleedingEdge/lib/mono/unityjit-win32'
Mono config path = 'C:/Program Files/Unity/Hub/Editor/2022.3.54f1/Editor/Data/MonoBleedingEdge/etc'
Using monoOptions --debugger-agent=transport=dt_socket,embedding=1,server=y,suspend=n,address=127.0.0.1:56468
Begin MonoManager ReloadAssembly
Registering precompiled unity dll's ...
Register platform support module: C:/Program Files/Unity/Hub/Editor/2022.3.54f1/Editor/Data/PlaybackEngines/WindowsStandaloneSupport/UnityEditor.WindowsStandalone.Extensions.dll
Registered in 0.004971 seconds.
- Loaded All Assemblies, in  0.255 seconds
Native extension for WindowsStandalone target not found
Mono: successfully reloaded assembly
- Finished resetting the current domain, in  0.179 seconds
Domain Reload Profiling: 433ms
	BeginReloadAssembly (91ms)
		ExecutionOrderSort (0ms)
		DisableScriptedObjects (0ms)
		BackupInstance (0ms)
		ReleaseScriptingObjects (0ms)
		CreateAndSetChildDomain (1ms)
	RebuildCommonClasses (23ms)
	RebuildNativeTypeToScriptingClass (7ms)
	initialDomainReloadingComplete (40ms)
	LoadAllAssembliesAndSetupDomain (93ms)
		LoadAssemblies (88ms)
		RebuildTransferFunctionScriptingTraits (0ms)
		AnalyzeDomain (91ms)
			TypeCache.Refresh (90ms)
				TypeCache.ScanAssembly (81ms)
			ScanForSourceGeneratedMonoScriptInfo (0ms)
			ResolveRequiredComponents (0ms)
	FinalizeReload (180ms)
		ReleaseScriptCaches (0ms)
		RebuildScriptCaches (0ms)
		SetupLoadedEditorAssemblies (148ms)
			LogAssemblyErrors (0ms)
			InitializePlatformSupportModulesInManaged (8ms)
			SetLoadedEditorAssemblies (6ms)
			RefreshPlugins (0ms)
			BeforeProcessingInitializeOnLoad (1ms)
			ProcessInitializeOnLoadAttributes (101ms)
			ProcessInitializeOnLoadMethodAttributes (32ms)
			AfterProcessingInitializeOnLoad (0ms)
			EditorAssembliesLoaded (0ms)
		ExecutionOrderSort2 (0ms)
		AwakeInstancesAfterBackupRestoration (0ms)
========================================================================
Worker process is ready to serve import requests
Caller must complete domain reload
Begin MonoManager ReloadAssembly
- Loaded All Assemblies, in  0.485 seconds
Native extension for WindowsStandalone target not found
Package Manager log level set to [2]
[Package Manager] Server::EnsureServerProcessIsRunning -- launch failed, reason: Unity was launched with the -noUpm command-line argument
[Package Manager] UpmClient::Send -- Unable to send message (not connected to UPM process).
[Package Manager] Cannot connect to Unity Package Manager local server
Mono: successfully reloaded assembly
- Finished resetting the current domain, in  0.471 seconds
Domain Reload Profiling: 953ms
	BeginReloadAssembly (107ms)
		ExecutionOrderSort (0ms)
		DisableScriptedObjects (3ms)
		BackupInstance (0ms)
		ReleaseScriptingObjects (0ms)
		CreateAndSetChildDomain (18ms)
	RebuildCommonClasses (21ms)
	RebuildNativeTypeToScriptingClass (7ms)
	initialDomainReloadingComplete (29ms)
	LoadAllAssembliesAndSetupDomain (317ms)
		LoadAssemblies (233ms)
		RebuildTransferFunctionScriptingTraits (0ms)
		AnalyzeDomain (144ms)
			TypeCache.Refresh (117ms)
				TypeCache.ScanAssembly (106ms)
			ScanForSourceGeneratedMonoScriptInfo (18ms)
			ResolveRequiredComponents (8ms)
	FinalizeReload (471ms)
		ReleaseScriptCaches (0ms)
		RebuildScriptCaches (0ms)
		SetupLoadedEditorAssemblies (373ms)
			LogAssemblyErrors (0ms)
			InitializePlatformSupportModulesInManaged (5ms)
			SetLoadedEditorAssemblies (3ms)
			RefreshPlugins (0ms)
			BeforeProcessingInitializeOnLoad (52ms)
			ProcessInitializeOnLoadAttributes (266ms)
			ProcessInitializeOnLoadMethodAttributes (42ms)
			AfterProcessingInitializeOnLoad (6ms)
			EditorAssembliesLoaded (0ms)
		ExecutionOrderSort2 (0ms)
		AwakeInstancesAfterBackupRestoration (5ms)
Launched and connected shader compiler UnityShaderCompiler.exe after 0.04 seconds
Refreshing native plugins compatible for Editor in 3.91 ms, found 3 plugins.
Preloading 0 native plugins for Editor in 0.00 ms.
Unloading 5258 Unused Serialized files (Serialized files now loaded: 0)
Unloading 25 unused Assets / (394.7 KB). Loaded Objects now: 5722.
Memory consumption went from 211.7 MB to 211.3 MB.
Total: 5.147200 ms (FindLiveObjects: 0.485400 ms CreateObjectMapping: 0.189400 ms MarkObjects: 4.268000 ms  DeleteObjects: 0.203000 ms)

AssetImportParameters requested are different than current active one (requested -> active):
  custom:container-demuxer-ogg: 62fdf1f143b41e24485cea50d1cbac27 -> 
  custom:video-codec-MediaFoundation-h265: 746d11721c4dcdbdad8f713fa42b33f4 -> 
  custom:video-decoder-ogg-theora: a1e56fd34408186e4bbccfd4996cb3dc -> 
  custom:framework-win-MediaFoundation: 216162199b28c13a410421893ffa2e32 -> 
  custom:CustomObjectIndexerAttribute: 72b91833f83ae208fae7752999fa3104 -> 
  custom:container-demuxer-webm: 4f35f7cbe854078d1ac9338744f61a02 -> 
  custom:container-muxer-webm: aa71ff27fc2769a1b78a27578f13a17b -> 
  custom:video-decoder-webm-vp8: 9c59270c3fd7afecdb556c50c9e8de78 -> 
  custom:SearchIndexIgnoredProperties: e643bd26f0fe6173181afceb89e7c659 -> 
  custom:AudioImporter_EditorPlatform: d09bf68614088b80899f8185d706f6e7 -> 
  custom:video-encoder-webm-vp8: eb34c28f22e8b96e1ab97ce403110664 -> 
  custom:audio-decoder-ogg-vorbis: bf7c407c2cedff20999df2af8eb42d56 -> 
  custom:audio-encoder-webm-vorbis: bf7c407c2cedff20999df2af8eb42d56 -> 
========================================================================
Received Import Request.
  Time since last request: 8081.614847 seconds.
  path: Assets/assets/tempFood2/Salmon Cut.prefab
  artifactKey: Guid(e976b3f342946ec4e9944d24aa0ffdc4) Importer(815301076,1909f56bfc062723c751e8b465ee728b)
Start importing Assets/assets/tempFood2/Salmon Cut.prefab using Guid(e976b3f342946ec4e9944d24aa0ffdc4) Importer(815301076,1909f56bfc062723c751e8b465ee728b) [PhysX] Initialized MultithreadedTaskDispatcher with 32 workers.
[PhysX] Initialized MultithreadedTaskDispatcher with 32 workers.
 -> (artifact id: '1d1f2111fcabaf0686f6687fbecbab72') in 0.217018 seconds
Number of updated asset objects reloaded before import = 0
Number of asset objects unloaded after import = 34
========================================================================
Received Import Request.
  Time since last request: 6.332189 seconds.
  path: Assets/assets/tempFoodModels/Food_Apple_Chopped.prefab
  artifactKey: Guid(6a512b12866aa7847904c42056758cd0) Importer(815301076,1909f56bfc062723c751e8b465ee728b)
Start importing Assets/assets/tempFoodModels/Food_Apple_Chopped.prefab using Guid(6a512b12866aa7847904c42056758cd0) Importer(815301076,1909f56bfc062723c751e8b465ee728b) [PhysX] Initialized MultithreadedTaskDispatcher with 32 workers.
[PhysX] Initialized MultithreadedTaskDispatcher with 32 workers.
 -> (artifact id: 'f6fe6a5f26a6f646dcbf0cf983f10d2d') in 0.009591 seconds
Number of updated asset objects reloaded before import = 0
Number of asset objects unloaded after import = 13
========================================================================
Received Import Request.
  Time since last request: 0.007608 seconds.
  path: Assets/assets/tempFoodModels/Food_Broccoli.prefab
  artifactKey: Guid(bd247613e25d16e4aae4eed8a67b123e) Importer(815301076,1909f56bfc062723c751e8b465ee728b)
Start importing Assets/assets/tempFoodModels/Food_Broccoli.prefab using Guid(bd247613e25d16e4aae4eed8a67b123e) Importer(815301076,1909f56bfc062723c751e8b465ee728b) [PhysX] Initialized MultithreadedTaskDispatcher with 32 workers.
[PhysX] Initialized MultithreadedTaskDispatcher with 32 workers.
 -> (artifact id: '4db3129f37f5a04ca2290316b16256b9') in 0.010525 seconds
Number of updated asset objects reloaded before import = 0
Number of asset objects unloaded after import = 13
========================================================================
Received Import Request.
  Time since last request: 0.000012 seconds.
  path: Assets/assets/tempFoodModels/Food_Chopped Tomato.prefab
  artifactKey: Guid(de99c836ba76bd94e84af914ca721322) Importer(815301076,1909f56bfc062723c751e8b465ee728b)
Start importing Assets/assets/tempFoodModels/Food_Chopped Tomato.prefab using Guid(de99c836ba76bd94e84af914ca721322) Importer(815301076,1909f56bfc062723c751e8b465ee728b) [PhysX] Initialized MultithreadedTaskDispatcher with 32 workers.
[PhysX] Initialized MultithreadedTaskDispatcher with 32 workers.
 -> (artifact id: 'caaf3a766cdcca8d0d5d23e68e4f36bf') in 0.020772 seconds
Number of updated asset objects reloaded before import = 0
Number of asset objects unloaded after import = 13
========================================================================
Received Import Request.
  Time since last request: 0.000015 seconds.
  path: Assets/assets/tempFoodModels/Food_Pea.prefab
  artifactKey: Guid(524fe3078ffb62b4b9cfc4a94df9c177) Importer(815301076,1909f56bfc062723c751e8b465ee728b)
Start importing Assets/assets/tempFoodModels/Food_Pea.prefab using Guid(524fe3078ffb62b4b9cfc4a94df9c177) Importer(815301076,1909f56bfc062723c751e8b465ee728b) [PhysX] Initialized MultithreadedTaskDispatcher with 32 workers.
[PhysX] Initialized MultithreadedTaskDispatcher with 32 workers.
 -> (artifact id: '7a1ad52eedd287ef57989d73e5b4d1b7') in 0.019849 seconds
Number of updated asset objects reloaded before import = 0
Number of asset objects unloaded after import = 13
========================================================================
Received Import Request.
  Time since last request: 0.000016 seconds.
  path: Assets/assets/tempFoodModels/Food_Steak.prefab
  artifactKey: Guid(9dbaa83348bc144478b13b73eb082041) Importer(815301076,1909f56bfc062723c751e8b465ee728b)
Start importing Assets/assets/tempFoodModels/Food_Steak.prefab using Guid(9dbaa83348bc144478b13b73eb082041) Importer(815301076,1909f56bfc062723c751e8b465ee728b) [PhysX] Initialized MultithreadedTaskDispatcher with 32 workers.
[PhysX] Initialized MultithreadedTaskDispatcher with 32 workers.
 -> (artifact id: '52db112893cdbeda22e9c310c3567a2b') in 0.028998 seconds
Number of updated asset objects reloaded before import = 0
Number of asset objects unloaded after import = 13
========================================================================
Received Import Request.
  Time since last request: 0.000022 seconds.
  path: Assets/assets/tempFoodModels/Food_Parsnip.prefab
  artifactKey: Guid(a92b379520aef324290b40bb05e958c7) Importer(815301076,1909f56bfc062723c751e8b465ee728b)
Start importing Assets/assets/tempFoodModels/Food_Parsnip.prefab using Guid(a92b379520aef324290b40bb05e958c7) Importer(815301076,1909f56bfc062723c751e8b465ee728b) [PhysX] Initialized MultithreadedTaskDispatcher with 32 workers.
[PhysX] Initialized MultithreadedTaskDispatcher with 32 workers.
 -> (artifact id: 'e77b3d0890f40e191cebde62bc10d67b') in 0.009175 seconds
Number of updated asset objects reloaded before import = 0
Number of asset objects unloaded after import = 13
========================================================================
Received Import Request.
  Time since last request: 0.000015 seconds.
  path: Assets/assets/tempFoodModels/Food_French Fries.prefab
  artifactKey: Guid(5aada73a9ffe05b45bdaaf2046c1abc5) Importer(815301076,1909f56bfc062723c751e8b465ee728b)
Start importing Assets/assets/tempFoodModels/Food_French Fries.prefab using Guid(5aada73a9ffe05b45bdaaf2046c1abc5) Importer(815301076,1909f56bfc062723c751e8b465ee728b) [PhysX] Initialized MultithreadedTaskDispatcher with 32 workers.
[PhysX] Initialized MultithreadedTaskDispatcher with 32 workers.
 -> (artifact id: '242a46725b819f0703ddcfce8f99a15a') in 0.011264 seconds
Number of updated asset objects reloaded before import = 0
Number of asset objects unloaded after import = 13
========================================================================
Received Import Request.
  Time since last request: 0.000014 seconds.
  path: Assets/assets/tempFoodModels/Food_Meet.prefab
  artifactKey: Guid(35ac66aa82ef1394b8e35bf185a6fd5e) Importer(815301076,1909f56bfc062723c751e8b465ee728b)
Start importing Assets/assets/tempFoodModels/Food_Meet.prefab using Guid(35ac66aa82ef1394b8e35bf185a6fd5e) Importer(815301076,1909f56bfc062723c751e8b465ee728b) [PhysX] Initialized MultithreadedTaskDispatcher with 32 workers.
[PhysX] Initialized MultithreadedTaskDispatcher with 32 workers.
 -> (artifact id: 'ad38c7d8eed8414d86741664109ef4a5') in 0.011626 seconds
Number of updated asset objects reloaded before import = 0
Number of asset objects unloaded after import = 13
========================================================================
Received Import Request.
  Time since last request: 0.000015 seconds.
  path: Assets/assets/tempFoodModels/Food_Chopped Carrot.prefab
  artifactKey: Guid(72d27dd462cab3b4f8a7b4f987c15e91) Importer(815301076,1909f56bfc062723c751e8b465ee728b)
Start importing Assets/assets/tempFoodModels/Food_Chopped Carrot.prefab using Guid(72d27dd462cab3b4f8a7b4f987c15e91) Importer(815301076,1909f56bfc062723c751e8b465ee728b) [PhysX] Initialized MultithreadedTaskDispatcher with 32 workers.
[PhysX] Initialized MultithreadedTaskDispatcher with 32 workers.
 -> (artifact id: 'e28ba123e4c37ee7d0d0be98ab2e2c05') in 0.013942 seconds
Number of updated asset objects reloaded before import = 0
Number of asset objects unloaded after import = 13
========================================================================
Received Import Request.
  Time since last request: 0.000013 seconds.
  path: Assets/assets/tempFoodModels/Food_Lasagna.prefab
  artifactKey: Guid(c2b3558ac642a5e4399108958f0b672e) Importer(815301076,1909f56bfc062723c751e8b465ee728b)
Start importing Assets/assets/tempFoodModels/Food_Lasagna.prefab using Guid(c2b3558ac642a5e4399108958f0b672e) Importer(815301076,1909f56bfc062723c751e8b465ee728b) [PhysX] Initialized MultithreadedTaskDispatcher with 32 workers.
[PhysX] Initialized MultithreadedTaskDispatcher with 32 workers.
 -> (artifact id: '25422c1342f6a89f8149925efe59dc0d') in 0.009968 seconds
Number of updated asset objects reloaded before import = 0
Number of asset objects unloaded after import = 13
========================================================================
Received Import Request.
  Time since last request: 0.000014 seconds.
  path: Assets/assets/tempFoodModels/Food_Mac n Cheese with brocoli.prefab
  artifactKey: Guid(29a42755ebf7fdc45bbf11bfb75399b7) Importer(815301076,1909f56bfc062723c751e8b465ee728b)
Start importing Assets/assets/tempFoodModels/Food_Mac n Cheese with brocoli.prefab using Guid(29a42755ebf7fdc45bbf11bfb75399b7) Importer(815301076,1909f56bfc062723c751e8b465ee728b) [PhysX] Initialized MultithreadedTaskDispatcher with 32 workers.
[PhysX] Initialized MultithreadedTaskDispatcher with 32 workers.
 -> (artifact id: '8c6882af5e45e5897d24a85d0192cedd') in 0.017864 seconds
Number of updated asset objects reloaded before import = 0
Number of asset objects unloaded after import = 13
========================================================================
Received Import Request.
  Time since last request: 0.000018 seconds.
  path: Assets/assets/tempFoodModels/Food_Meatballs.prefab
  artifactKey: Guid(3c1165ed7ae4d724abf57552eae9c481) Importer(815301076,1909f56bfc062723c751e8b465ee728b)
Start importing Assets/assets/tempFoodModels/Food_Meatballs.prefab using Guid(3c1165ed7ae4d724abf57552eae9c481) Importer(815301076,1909f56bfc062723c751e8b465ee728b) [PhysX] Initialized MultithreadedTaskDispatcher with 32 workers.
[PhysX] Initialized MultithreadedTaskDispatcher with 32 workers.
 -> (artifact id: 'd303a04c026bc76319842a5da4c41883') in 0.008034 seconds
Number of updated asset objects reloaded before import = 0
Number of asset objects unloaded after import = 13
========================================================================
Received Import Request.
  Time since last request: 0.000015 seconds.
  path: Assets/assets/tempFoodModels/Food_Carrot Soup.prefab
  artifactKey: Guid(fec3d1da23236c9468d91be676e07aad) Importer(815301076,1909f56bfc062723c751e8b465ee728b)
Start importing Assets/assets/tempFoodModels/Food_Carrot Soup.prefab using Guid(fec3d1da23236c9468d91be676e07aad) Importer(815301076,1909f56bfc062723c751e8b465ee728b) [PhysX] Initialized MultithreadedTaskDispatcher with 32 workers.
[PhysX] Initialized MultithreadedTaskDispatcher with 32 workers.
 -> (artifact id: '546701a0addcdb9014f2c43afb7b67d1') in 0.006460 seconds
Number of updated asset objects reloaded before import = 0
Number of asset objects unloaded after import = 13
========================================================================
Received Import Request.
  Time since last request: 0.000015 seconds.
  path: Assets/assets/tempFoodModels/Food_Turkey Breast.prefab
  artifactKey: Guid(25c0d0fdced60f9448e3c92184a73457) Importer(815301076,1909f56bfc062723c751e8b465ee728b)
Start importing Assets/assets/tempFoodModels/Food_Turkey Breast.prefab using Guid(25c0d0fdced60f9448e3c92184a73457) Importer(815301076,1909f56bfc062723c751e8b465ee728b) [PhysX] Initialized MultithreadedTaskDispatcher with 32 workers.
[PhysX] Initialized MultithreadedTaskDispatcher with 32 workers.
 -> (artifact id: '7216faab45d66918abc446ee50da2f5e') in 0.006317 seconds
Number of updated asset objects reloaded before import = 0
Number of asset objects unloaded after import = 13
========================================================================
Received Import Request.
  Time since last request: 0.000014 seconds.
  path: Assets/assets/tempFoodModels/Food_Omelette.prefab
  artifactKey: Guid(5f57fedc6fcf35c41b5e04eec90f8015) Importer(815301076,1909f56bfc062723c751e8b465ee728b)
Start importing Assets/assets/tempFoodModels/Food_Omelette.prefab using Guid(5f57fedc6fcf35c41b5e04eec90f8015) Importer(815301076,1909f56bfc062723c751e8b465ee728b) [PhysX] Initialized MultithreadedTaskDispatcher with 32 workers.
[PhysX] Initialized MultithreadedTaskDispatcher with 32 workers.
 -> (artifact id: 'da3a8f816caed3f5967e6ca7ad4940ed') in 0.006567 seconds
Number of updated asset objects reloaded before import = 0
Number of asset objects unloaded after import = 13
========================================================================
Received Import Request.
  Time since last request: 0.000015 seconds.
  path: Assets/assets/tempFoodModels/Food_Salad.prefab
  artifactKey: Guid(bb30da7c65bb2b6419927e9d9e8e7a3e) Importer(815301076,1909f56bfc062723c751e8b465ee728b)
Start importing Assets/assets/tempFoodModels/Food_Salad.prefab using Guid(bb30da7c65bb2b6419927e9d9e8e7a3e) Importer(815301076,1909f56bfc062723c751e8b465ee728b) [PhysX] Initialized MultithreadedTaskDispatcher with 32 workers.
[PhysX] Initialized MultithreadedTaskDispatcher with 32 workers.
 -> (artifact id: 'bd452867bfb7014b027aa1af9c8dfb0a') in 0.007408 seconds
Number of updated asset objects reloaded before import = 0
Number of asset objects unloaded after import = 13
========================================================================
Received Import Request.
  Time since last request: 0.000015 seconds.
  path: Assets/assets/tempFoodModels/Food_Chicken Chest.prefab
  artifactKey: Guid(219bfa58b0cce6346bb6d142ad6b5d4c) Importer(815301076,1909f56bfc062723c751e8b465ee728b)
Start importing Assets/assets/tempFoodModels/Food_Chicken Chest.prefab using Guid(219bfa58b0cce6346bb6d142ad6b5d4c) Importer(815301076,1909f56bfc062723c751e8b465ee728b) [PhysX] Initialized MultithreadedTaskDispatcher with 32 workers.
[PhysX] Initialized MultithreadedTaskDispatcher with 32 workers.
 -> (artifact id: 'cfeb5e8252181202159f07d849dc7183') in 0.006442 seconds
Number of updated asset objects reloaded before import = 0
Number of asset objects unloaded after import = 13
========================================================================
Received Import Request.
  Time since last request: 0.000016 seconds.
  path: Assets/assets/tempFoodModels/Food_Turkey Sandwich.prefab
  artifactKey: Guid(c3ee6c27b7ed8ff48800fbc38021d12c) Importer(815301076,1909f56bfc062723c751e8b465ee728b)
Start importing Assets/assets/tempFoodModels/Food_Turkey Sandwich.prefab using Guid(c3ee6c27b7ed8ff48800fbc38021d12c) Importer(815301076,1909f56bfc062723c751e8b465ee728b) [PhysX] Initialized MultithreadedTaskDispatcher with 32 workers.
[PhysX] Initialized MultithreadedTaskDispatcher with 32 workers.
 -> (artifact id: '681af4b68de2c1ed60827a01c956bcc9') in 0.007066 seconds
Number of updated asset objects reloaded before import = 0
Number of asset objects unloaded after import = 13
========================================================================
Received Import Request.
  Time since last request: 0.000018 seconds.
  path: Assets/assets/tempFoodModels/Food_Susage.prefab
  artifactKey: Guid(7ca10dcfdcc34c44a8438b6e0d76cebc) Importer(815301076,1909f56bfc062723c751e8b465ee728b)
Start importing Assets/assets/tempFoodModels/Food_Susage.prefab using Guid(7ca10dcfdcc34c44a8438b6e0d76cebc) Importer(815301076,1909f56bfc062723c751e8b465ee728b) [PhysX] Initialized MultithreadedTaskDispatcher with 32 workers.
[PhysX] Initialized MultithreadedTaskDispatcher with 32 workers.
 -> (artifact id: '7c06d3ee653a955f90e314df487473f3') in 0.006362 seconds
Number of updated asset objects reloaded before import = 0
Number of asset objects unloaded after import = 13
========================================================================
Received Import Request.
  Time since last request: 0.000023 seconds.
  path: Assets/assets/tempFoodModels/Food_Pea Soup.prefab
  artifactKey: Guid(6a0602818f066f44caa910313a06eecd) Importer(815301076,1909f56bfc062723c751e8b465ee728b)
Start importing Assets/assets/tempFoodModels/Food_Pea Soup.prefab using Guid(6a0602818f066f44caa910313a06eecd) Importer(815301076,1909f56bfc062723c751e8b465ee728b) [PhysX] Initialized MultithreadedTaskDispatcher with 32 workers.
[PhysX] Initialized MultithreadedTaskDispatcher with 32 workers.
 -> (artifact id: 'f5e8d94d30950261c1add51935caf252') in 0.006509 seconds
Number of updated asset objects reloaded before import = 0
Number of asset objects unloaded after import = 13
========================================================================
Received Import Request.
  Time since last request: 0.000015 seconds.
  path: Assets/assets/tempFoodModels/Food_Chicken Sub.prefab
  artifactKey: Guid(8727c6b5a572d9f4fa32447f4245c0b2) Importer(815301076,1909f56bfc062723c751e8b465ee728b)
Start importing Assets/assets/tempFoodModels/Food_Chicken Sub.prefab using Guid(8727c6b5a572d9f4fa32447f4245c0b2) Importer(815301076,1909f56bfc062723c751e8b465ee728b) [PhysX] Initialized MultithreadedTaskDispatcher with 32 workers.
[PhysX] Initialized MultithreadedTaskDispatcher with 32 workers.
 -> (artifact id: '95b551866dcb80d594a0dac0371a966c') in 0.007279 seconds
Number of updated asset objects reloaded before import = 0
Number of asset objects unloaded after import = 13
========================================================================
Received Import Request.
  Time since last request: 0.000098 seconds.
  path: Assets/assets/tempFoodModels/Food_Sunny Egg.prefab
  artifactKey: Guid(d60f52e87753c984ba1721cc0bfff81b) Importer(815301076,1909f56bfc062723c751e8b465ee728b)
Start importing Assets/assets/tempFoodModels/Food_Sunny Egg.prefab using Guid(d60f52e87753c984ba1721cc0bfff81b) Importer(815301076,1909f56bfc062723c751e8b465ee728b) [PhysX] Initialized MultithreadedTaskDispatcher with 32 workers.
[PhysX] Initialized MultithreadedTaskDispatcher with 32 workers.
 -> (artifact id: '7a836890ace5d8f8543711b29987a6e6') in 0.008012 seconds
Number of updated asset objects reloaded before import = 0
Number of asset objects unloaded after import = 13
========================================================================
Received Import Request.
  Time since last request: 0.000016 seconds.
  path: Assets/assets/tempFoodModels/Food_Empty Cup.prefab
  artifactKey: Guid(f3a1aa7db527a3d429bd7a5603e28321) Importer(815301076,1909f56bfc062723c751e8b465ee728b)
Start importing Assets/assets/tempFoodModels/Food_Empty Cup.prefab using Guid(f3a1aa7db527a3d429bd7a5603e28321) Importer(815301076,1909f56bfc062723c751e8b465ee728b) [PhysX] Initialized MultithreadedTaskDispatcher with 32 workers.
[PhysX] Initialized MultithreadedTaskDispatcher with 32 workers.
 -> (artifact id: '402ae5674659348edf924dce51a84a65') in 0.007146 seconds
Number of updated asset objects reloaded before import = 0
Number of asset objects unloaded after import = 13
========================================================================
Received Import Request.
  Time since last request: 0.000016 seconds.
  path: Assets/assets/tempFoodModels/Food_Meatloaf.prefab
  artifactKey: Guid(f2d4d7f6a15028042ad0a24b9d20e072) Importer(815301076,1909f56bfc062723c751e8b465ee728b)
Start importing Assets/assets/tempFoodModels/Food_Meatloaf.prefab using Guid(f2d4d7f6a15028042ad0a24b9d20e072) Importer(815301076,1909f56bfc062723c751e8b465ee728b) [PhysX] Initialized MultithreadedTaskDispatcher with 32 workers.
[PhysX] Initialized MultithreadedTaskDispatcher with 32 workers.
 -> (artifact id: '73dd4a93ff36b8e715de70071104c789') in 0.006602 seconds
Number of updated asset objects reloaded before import = 0
Number of asset objects unloaded after import = 13
========================================================================
Received Import Request.
  Time since last request: 0.000048 seconds.
  path: Assets/assets/tempFoodModels/Food_Sushi.prefab
  artifactKey: Guid(1d47bdff450f3824e9befc7021f59662) Importer(815301076,1909f56bfc062723c751e8b465ee728b)
Start importing Assets/assets/tempFoodModels/Food_Sushi.prefab using Guid(1d47bdff450f3824e9befc7021f59662) Importer(815301076,1909f56bfc062723c751e8b465ee728b) [PhysX] Initialized MultithreadedTaskDispatcher with 32 workers.
[PhysX] Initialized MultithreadedTaskDispatcher with 32 workers.
 -> (artifact id: 'fbfea66cb6f3636a6f20d54828e57461') in 0.006389 seconds
Number of updated asset objects reloaded before import = 0
Number of asset objects unloaded after import = 13
========================================================================
Received Import Request.
  Time since last request: 0.000013 seconds.
  path: Assets/assets/tempFoodModels/Food_Philly Cheese Steaks.prefab
  artifactKey: Guid(d110892660598264690bdf70d05fa75c) Importer(815301076,1909f56bfc062723c751e8b465ee728b)
Start importing Assets/assets/tempFoodModels/Food_Philly Cheese Steaks.prefab using Guid(d110892660598264690bdf70d05fa75c) Importer(815301076,1909f56bfc062723c751e8b465ee728b) [PhysX] Initialized MultithreadedTaskDispatcher with 32 workers.
[PhysX] Initialized MultithreadedTaskDispatcher with 32 workers.
 -> (artifact id: '9bdf607414f9bc1715e90389073a94c3') in 0.006745 seconds
Number of updated asset objects reloaded before import = 0
Number of asset objects unloaded after import = 13
========================================================================
Received Import Request.
  Time since last request: 0.000014 seconds.
  path: Assets/assets/tempFoodModels/Food_Pumpkin.prefab
  artifactKey: Guid(6707e2afd56827549a165309853d8b55) Importer(815301076,1909f56bfc062723c751e8b465ee728b)
Start importing Assets/assets/tempFoodModels/Food_Pumpkin.prefab using Guid(6707e2afd56827549a165309853d8b55) Importer(815301076,1909f56bfc062723c751e8b465ee728b) [PhysX] Initialized MultithreadedTaskDispatcher with 32 workers.
[PhysX] Initialized MultithreadedTaskDispatcher with 32 workers.
 -> (artifact id: '16abc592180a80b879d880596c021417') in 0.006704 seconds
Number of updated asset objects reloaded before import = 0
Number of asset objects unloaded after import = 13
========================================================================
Received Import Request.
  Time since last request: 0.000014 seconds.
  path: Assets/assets/tempFoodModels/Food_Bread.prefab
  artifactKey: Guid(5f4e905cf046d6c48a4131a4bd7d74c9) Importer(815301076,1909f56bfc062723c751e8b465ee728b)
Start importing Assets/assets/tempFoodModels/Food_Bread.prefab using Guid(5f4e905cf046d6c48a4131a4bd7d74c9) Importer(815301076,1909f56bfc062723c751e8b465ee728b) [PhysX] Initialized MultithreadedTaskDispatcher with 32 workers.
[PhysX] Initialized MultithreadedTaskDispatcher with 32 workers.
 -> (artifact id: '3624317744c8c093746922b95ff47afb') in 0.007006 seconds
Number of updated asset objects reloaded before import = 0
Number of asset objects unloaded after import = 13
========================================================================
Received Import Request.
  Time since last request: 0.000015 seconds.
  path: Assets/assets/tempFoodModels/Food_Seared Chicken.prefab
  artifactKey: Guid(cb627b9d5eb135741a63ffb5e9208910) Importer(815301076,1909f56bfc062723c751e8b465ee728b)
Start importing Assets/assets/tempFoodModels/Food_Seared Chicken.prefab using Guid(cb627b9d5eb135741a63ffb5e9208910) Importer(815301076,1909f56bfc062723c751e8b465ee728b) [PhysX] Initialized MultithreadedTaskDispatcher with 32 workers.
[PhysX] Initialized MultithreadedTaskDispatcher with 32 workers.
 -> (artifact id: 'ad085ec948abe431da0de5439ed469a6') in 0.006752 seconds
Number of updated asset objects reloaded before import = 0
Number of asset objects unloaded after import = 13
========================================================================
Received Import Request.
  Time since last request: 0.000015 seconds.
  path: Assets/assets/tempFoodModels/Food_HotDog Sandwich.001.prefab
  artifactKey: Guid(39ec3caadc9e4f04a9c08cf54159cf8a) Importer(815301076,1909f56bfc062723c751e8b465ee728b)
Start importing Assets/assets/tempFoodModels/Food_HotDog Sandwich.001.prefab using Guid(39ec3caadc9e4f04a9c08cf54159cf8a) Importer(815301076,1909f56bfc062723c751e8b465ee728b) [PhysX] Initialized MultithreadedTaskDispatcher with 32 workers.
[PhysX] Initialized MultithreadedTaskDispatcher with 32 workers.
 -> (artifact id: '1b8159314602cba2104193a040bc38b9') in 0.006720 seconds
Number of updated asset objects reloaded before import = 0
Number of asset objects unloaded after import = 13
Editor requested this worker to shutdown with reason: Scaling down because of idle timeout
TcpMessagingSession - receive error: operation aborted. errorcode: 995, details: The I/O operation has been aborted because of either a thread exit or an application request.
AssetImportWorker is now disconnected from the server
Process exiting
Exiting without the bug reporter. Application will terminate with return code 0